{"/Users/ruben/Documents/Projets/IIM/clean-archi/utils/clientHelper.ts": {"path":"/Users/ruben/Documents/Projets/IIM/clean-archi/utils/clientHelper.ts","all":false,"statementMap":{"0":{"start":{"line":1,"column":0},"end":{"line":1,"column":28}},"1":{"start":{"line":2,"column":0},"end":{"line":2,"column":26}},"2":{"start":{"line":3,"column":0},"end":{"line":3,"column":50}},"3":{"start":{"line":4,"column":0},"end":{"line":4,"column":0}},"4":{"start":{"line":5,"column":0},"end":{"line":5,"column":13}},"5":{"start":{"line":6,"column":0},"end":{"line":6,"column":80}},"6":{"start":{"line":7,"column":0},"end":{"line":7,"column":27}},"7":{"start":{"line":8,"column":0},"end":{"line":8,"column":33}},"8":{"start":{"line":9,"column":0},"end":{"line":9,"column":30}},"9":{"start":{"line":10,"column":0},"end":{"line":10,"column":24}},"10":{"start":{"line":11,"column":0},"end":{"line":11,"column":3}},"11":{"start":{"line":12,"column":0},"end":{"line":12,"column":40}},"12":{"start":{"line":13,"column":0},"end":{"line":13,"column":71}},"13":{"start":{"line":14,"column":0},"end":{"line":14,"column":17}},"14":{"start":{"line":15,"column":0},"end":{"line":15,"column":58}},"15":{"start":{"line":16,"column":0},"end":{"line":16,"column":20}},"16":{"start":{"line":17,"column":0},"end":{"line":17,"column":5}},"17":{"start":{"line":18,"column":0},"end":{"line":18,"column":40}},"18":{"start":{"line":19,"column":0},"end":{"line":19,"column":3}},"19":{"start":{"line":20,"column":0},"end":{"line":20,"column":0}},"20":{"start":{"line":21,"column":0},"end":{"line":21,"column":49}},"21":{"start":{"line":22,"column":0},"end":{"line":22,"column":57}},"22":{"start":{"line":23,"column":0},"end":{"line":23,"column":20}},"23":{"start":{"line":24,"column":0},"end":{"line":24,"column":17}},"24":{"start":{"line":25,"column":0},"end":{"line":25,"column":23}},"25":{"start":{"line":26,"column":0},"end":{"line":26,"column":25}},"26":{"start":{"line":27,"column":0},"end":{"line":27,"column":15}},"27":{"start":{"line":28,"column":0},"end":{"line":28,"column":6}},"28":{"start":{"line":29,"column":0},"end":{"line":29,"column":8}},"29":{"start":{"line":30,"column":0},"end":{"line":30,"column":69}},"30":{"start":{"line":31,"column":0},"end":{"line":31,"column":26}},"31":{"start":{"line":32,"column":0},"end":{"line":32,"column":27}},"32":{"start":{"line":33,"column":0},"end":{"line":33,"column":30}},"33":{"start":{"line":34,"column":0},"end":{"line":34,"column":66}},"34":{"start":{"line":35,"column":0},"end":{"line":35,"column":40}},"35":{"start":{"line":36,"column":0},"end":{"line":36,"column":7}},"36":{"start":{"line":37,"column":0},"end":{"line":37,"column":32}},"37":{"start":{"line":38,"column":0},"end":{"line":38,"column":18}},"38":{"start":{"line":39,"column":0},"end":{"line":39,"column":12}},"39":{"start":{"line":40,"column":0},"end":{"line":40,"column":19}},"40":{"start":{"line":41,"column":0},"end":{"line":41,"column":5}},"41":{"start":{"line":42,"column":0},"end":{"line":42,"column":3}},"42":{"start":{"line":43,"column":0},"end":{"line":43,"column":63}},"43":{"start":{"line":44,"column":0},"end":{"line":44,"column":79}},"44":{"start":{"line":45,"column":0},"end":{"line":45,"column":72}},"45":{"start":{"line":46,"column":0},"end":{"line":46,"column":20}},"46":{"start":{"line":47,"column":0},"end":{"line":47,"column":12}},"47":{"start":{"line":48,"column":0},"end":{"line":48,"column":23}},"48":{"start":{"line":49,"column":0},"end":{"line":49,"column":5}},"49":{"start":{"line":50,"column":0},"end":{"line":50,"column":3}},"50":{"start":{"line":51,"column":0},"end":{"line":51,"column":40}},"51":{"start":{"line":52,"column":0},"end":{"line":52,"column":73}},"52":{"start":{"line":53,"column":0},"end":{"line":53,"column":16}},"53":{"start":{"line":54,"column":0},"end":{"line":54,"column":3}},"54":{"start":{"line":55,"column":0},"end":{"line":55,"column":58}},"55":{"start":{"line":56,"column":0},"end":{"line":56,"column":71}},"56":{"start":{"line":57,"column":0},"end":{"line":57,"column":8}},"57":{"start":{"line":58,"column":0},"end":{"line":58,"column":15}},"58":{"start":{"line":59,"column":0},"end":{"line":59,"column":26}},"59":{"start":{"line":60,"column":0},"end":{"line":60,"column":27}},"60":{"start":{"line":61,"column":0},"end":{"line":61,"column":30}},"61":{"start":{"line":62,"column":0},"end":{"line":62,"column":66}},"62":{"start":{"line":63,"column":0},"end":{"line":63,"column":40}},"63":{"start":{"line":64,"column":0},"end":{"line":64,"column":7}},"64":{"start":{"line":65,"column":0},"end":{"line":65,"column":31}},"65":{"start":{"line":66,"column":0},"end":{"line":66,"column":33}},"66":{"start":{"line":67,"column":0},"end":{"line":67,"column":5}},"67":{"start":{"line":68,"column":0},"end":{"line":68,"column":3}},"68":{"start":{"line":69,"column":0},"end":{"line":69,"column":62}},"69":{"start":{"line":70,"column":0},"end":{"line":70,"column":71}},"70":{"start":{"line":71,"column":0},"end":{"line":71,"column":17}},"71":{"start":{"line":72,"column":0},"end":{"line":72,"column":54}},"72":{"start":{"line":73,"column":0},"end":{"line":73,"column":5}},"73":{"start":{"line":74,"column":0},"end":{"line":74,"column":3}},"74":{"start":{"line":75,"column":0},"end":{"line":75,"column":1}}},"s":{"0":1,"1":1,"2":1,"3":1,"4":1,"5":1,"6":1,"7":1,"8":1,"9":3,"10":3,"11":1,"12":3,"13":3,"14":3,"15":3,"16":3,"17":3,"18":0,"19":1,"20":1,"21":6,"22":6,"23":6,"24":6,"25":6,"26":6,"27":6,"28":6,"29":6,"30":6,"31":5,"32":4,"33":3,"34":2,"35":6,"36":1,"37":1,"38":6,"39":5,"40":5,"41":6,"42":1,"43":1,"44":1,"45":1,"46":1,"47":0,"48":0,"49":1,"50":1,"51":2,"52":2,"53":2,"54":1,"55":6,"56":6,"57":6,"58":6,"59":5,"60":4,"61":3,"62":2,"63":6,"64":1,"65":1,"66":1,"67":6,"68":1,"69":1,"70":1,"71":1,"72":1,"73":1,"74":52},"branchMap":{"0":{"type":"branch","line":8,"loc":{"start":{"line":8,"column":2},"end":{"line":8,"column":33}},"locations":[{"start":{"line":8,"column":2},"end":{"line":8,"column":33}}]},"1":{"type":"branch","line":9,"loc":{"start":{"line":9,"column":9},"end":{"line":11,"column":3}},"locations":[{"start":{"line":9,"column":9},"end":{"line":11,"column":3}}]},"2":{"type":"branch","line":12,"loc":{"start":{"line":12,"column":9},"end":{"line":19,"column":3}},"locations":[{"start":{"line":12,"column":9},"end":{"line":19,"column":3}}]},"3":{"type":"branch","line":18,"loc":{"start":{"line":18,"column":4},"end":{"line":19,"column":3}},"locations":[{"start":{"line":18,"column":4},"end":{"line":19,"column":3}}]},"4":{"type":"branch","line":13,"loc":{"start":{"line":13,"column":38},"end":{"line":13,"column":71}},"locations":[{"start":{"line":13,"column":38},"end":{"line":13,"column":71}}]},"5":{"type":"branch","line":21,"loc":{"start":{"line":21,"column":9},"end":{"line":42,"column":3}},"locations":[{"start":{"line":21,"column":9},"end":{"line":42,"column":3}}]},"6":{"type":"branch","line":31,"loc":{"start":{"line":31,"column":21},"end":{"line":32,"column":27}},"locations":[{"start":{"line":31,"column":21},"end":{"line":32,"column":27}}]},"7":{"type":"branch","line":32,"loc":{"start":{"line":32,"column":22},"end":{"line":33,"column":30}},"locations":[{"start":{"line":32,"column":22},"end":{"line":33,"column":30}}]},"8":{"type":"branch","line":33,"loc":{"start":{"line":33,"column":25},"end":{"line":34,"column":66}},"locations":[{"start":{"line":33,"column":25},"end":{"line":34,"column":66}}]},"9":{"type":"branch","line":34,"loc":{"start":{"line":34,"column":62},"end":{"line":35,"column":40}},"locations":[{"start":{"line":34,"column":62},"end":{"line":35,"column":40}}]},"10":{"type":"branch","line":36,"loc":{"start":{"line":36,"column":6},"end":{"line":39,"column":11}},"locations":[{"start":{"line":36,"column":6},"end":{"line":39,"column":11}}]},"11":{"type":"branch","line":39,"loc":{"start":{"line":39,"column":4},"end":{"line":41,"column":5}},"locations":[{"start":{"line":39,"column":4},"end":{"line":41,"column":5}}]},"12":{"type":"branch","line":43,"loc":{"start":{"line":43,"column":9},"end":{"line":50,"column":3}},"locations":[{"start":{"line":43,"column":9},"end":{"line":50,"column":3}}]},"13":{"type":"branch","line":47,"loc":{"start":{"line":47,"column":4},"end":{"line":49,"column":5}},"locations":[{"start":{"line":47,"column":4},"end":{"line":49,"column":5}}]},"14":{"type":"branch","line":44,"loc":{"start":{"line":44,"column":38},"end":{"line":44,"column":79}},"locations":[{"start":{"line":44,"column":38},"end":{"line":44,"column":79}}]},"15":{"type":"branch","line":51,"loc":{"start":{"line":51,"column":9},"end":{"line":54,"column":3}},"locations":[{"start":{"line":51,"column":9},"end":{"line":54,"column":3}}]},"16":{"type":"branch","line":52,"loc":{"start":{"line":52,"column":40},"end":{"line":52,"column":73}},"locations":[{"start":{"line":52,"column":40},"end":{"line":52,"column":73}}]},"17":{"type":"branch","line":55,"loc":{"start":{"line":55,"column":9},"end":{"line":68,"column":3}},"locations":[{"start":{"line":55,"column":9},"end":{"line":68,"column":3}}]},"18":{"type":"branch","line":59,"loc":{"start":{"line":59,"column":21},"end":{"line":60,"column":27}},"locations":[{"start":{"line":59,"column":21},"end":{"line":60,"column":27}}]},"19":{"type":"branch","line":60,"loc":{"start":{"line":60,"column":22},"end":{"line":61,"column":30}},"locations":[{"start":{"line":60,"column":22},"end":{"line":61,"column":30}}]},"20":{"type":"branch","line":61,"loc":{"start":{"line":61,"column":25},"end":{"line":62,"column":66}},"locations":[{"start":{"line":61,"column":25},"end":{"line":62,"column":66}}]},"21":{"type":"branch","line":62,"loc":{"start":{"line":62,"column":62},"end":{"line":63,"column":40}},"locations":[{"start":{"line":62,"column":62},"end":{"line":63,"column":40}}]},"22":{"type":"branch","line":64,"loc":{"start":{"line":64,"column":6},"end":{"line":67,"column":5}},"locations":[{"start":{"line":64,"column":6},"end":{"line":67,"column":5}}]},"23":{"type":"branch","line":56,"loc":{"start":{"line":56,"column":38},"end":{"line":56,"column":71}},"locations":[{"start":{"line":56,"column":38},"end":{"line":56,"column":71}}]},"24":{"type":"branch","line":69,"loc":{"start":{"line":69,"column":9},"end":{"line":75,"column":1}},"locations":[{"start":{"line":69,"column":9},"end":{"line":75,"column":1}}]},"25":{"type":"branch","line":70,"loc":{"start":{"line":70,"column":38},"end":{"line":70,"column":71}},"locations":[{"start":{"line":70,"column":38},"end":{"line":70,"column":71}}]},"26":{"type":"branch","line":75,"loc":{"start":{"line":75,"column":0},"end":{"line":75,"column":1}},"locations":[{"start":{"line":75,"column":0},"end":{"line":75,"column":1}}]}},"b":{"0":[7],"1":[3],"2":[3],"3":[0],"4":[4],"5":[6],"6":[5],"7":[4],"8":[3],"9":[2],"10":[1],"11":[5],"12":[1],"13":[0],"14":[1],"15":[2],"16":[1],"17":[6],"18":[5],"19":[4],"20":[3],"21":[2],"22":[1],"23":[6],"24":[1],"25":[1],"26":[52]},"fnMap":{"0":{"name":"<static_initializer>","decl":{"start":{"line":8,"column":2},"end":{"line":8,"column":33}},"loc":{"start":{"line":8,"column":2},"end":{"line":8,"column":33}},"line":8},"1":{"name":"getAll","decl":{"start":{"line":9,"column":9},"end":{"line":11,"column":3}},"loc":{"start":{"line":9,"column":9},"end":{"line":11,"column":3}},"line":9},"2":{"name":"getOne","decl":{"start":{"line":12,"column":9},"end":{"line":19,"column":3}},"loc":{"start":{"line":12,"column":9},"end":{"line":19,"column":3}},"line":12},"3":{"name":"register","decl":{"start":{"line":21,"column":9},"end":{"line":42,"column":3}},"loc":{"start":{"line":21,"column":9},"end":{"line":42,"column":3}},"line":21},"4":{"name":"login","decl":{"start":{"line":43,"column":9},"end":{"line":50,"column":3}},"loc":{"start":{"line":43,"column":9},"end":{"line":50,"column":3}},"line":43},"5":{"name":"delete","decl":{"start":{"line":51,"column":9},"end":{"line":54,"column":3}},"loc":{"start":{"line":51,"column":9},"end":{"line":54,"column":3}},"line":51},"6":{"name":"update","decl":{"start":{"line":55,"column":9},"end":{"line":68,"column":3}},"loc":{"start":{"line":55,"column":9},"end":{"line":68,"column":3}},"line":55},"7":{"name":"resetPassword","decl":{"start":{"line":69,"column":9},"end":{"line":75,"column":1}},"loc":{"start":{"line":69,"column":9},"end":{"line":75,"column":1}},"line":69},"8":{"name":"get","decl":{"start":{"line":75,"column":0},"end":{"line":75,"column":1}},"loc":{"start":{"line":75,"column":0},"end":{"line":75,"column":1}},"line":75}},"f":{"0":7,"1":3,"2":3,"3":6,"4":1,"5":2,"6":6,"7":1,"8":52}}
,"/Users/ruben/Documents/Projets/IIM/clean-archi/utils/documentHelper.ts": {"path":"/Users/ruben/Documents/Projets/IIM/clean-archi/utils/documentHelper.ts","all":false,"statementMap":{"0":{"start":{"line":1,"column":0},"end":{"line":1,"column":26}},"1":{"start":{"line":2,"column":0},"end":{"line":2,"column":13}},"2":{"start":{"line":3,"column":0},"end":{"line":3,"column":51}},"3":{"start":{"line":4,"column":0},"end":{"line":4,"column":25}},"4":{"start":{"line":5,"column":0},"end":{"line":5,"column":0}},"5":{"start":{"line":6,"column":0},"end":{"line":6,"column":29}},"6":{"start":{"line":7,"column":0},"end":{"line":7,"column":37}},"7":{"start":{"line":8,"column":0},"end":{"line":8,"column":32}},"8":{"start":{"line":9,"column":0},"end":{"line":9,"column":26}},"9":{"start":{"line":10,"column":0},"end":{"line":10,"column":3}},"10":{"start":{"line":11,"column":0},"end":{"line":11,"column":42}},"11":{"start":{"line":12,"column":0},"end":{"line":12,"column":41}},"12":{"start":{"line":13,"column":0},"end":{"line":13,"column":44}},"13":{"start":{"line":14,"column":0},"end":{"line":14,"column":6}},"14":{"start":{"line":15,"column":0},"end":{"line":15,"column":19}},"15":{"start":{"line":16,"column":0},"end":{"line":16,"column":22}},"16":{"start":{"line":17,"column":0},"end":{"line":17,"column":5}},"17":{"start":{"line":18,"column":0},"end":{"line":18,"column":42}},"18":{"start":{"line":19,"column":0},"end":{"line":19,"column":3}},"19":{"start":{"line":20,"column":0},"end":{"line":20,"column":44}},"20":{"start":{"line":21,"column":0},"end":{"line":21,"column":8}},"21":{"start":{"line":22,"column":0},"end":{"line":22,"column":33}},"22":{"start":{"line":23,"column":0},"end":{"line":23,"column":30}},"23":{"start":{"line":24,"column":0},"end":{"line":24,"column":33}},"24":{"start":{"line":25,"column":0},"end":{"line":25,"column":41}},"25":{"start":{"line":26,"column":0},"end":{"line":26,"column":7}},"26":{"start":{"line":27,"column":0},"end":{"line":27,"column":27}},"27":{"start":{"line":28,"column":0},"end":{"line":28,"column":36}},"28":{"start":{"line":29,"column":0},"end":{"line":29,"column":5}},"29":{"start":{"line":30,"column":0},"end":{"line":30,"column":3}},"30":{"start":{"line":31,"column":0},"end":{"line":31,"column":61}},"31":{"start":{"line":32,"column":0},"end":{"line":32,"column":76}},"32":{"start":{"line":33,"column":0},"end":{"line":33,"column":3}},"33":{"start":{"line":34,"column":0},"end":{"line":34,"column":48}},"34":{"start":{"line":35,"column":0},"end":{"line":35,"column":42}},"35":{"start":{"line":36,"column":0},"end":{"line":36,"column":16}},"36":{"start":{"line":37,"column":0},"end":{"line":37,"column":3}},"37":{"start":{"line":38,"column":0},"end":{"line":38,"column":40}},"38":{"start":{"line":39,"column":0},"end":{"line":39,"column":71}},"39":{"start":{"line":40,"column":0},"end":{"line":40,"column":16}},"40":{"start":{"line":41,"column":0},"end":{"line":41,"column":3}},"41":{"start":{"line":42,"column":0},"end":{"line":42,"column":45}},"42":{"start":{"line":43,"column":0},"end":{"line":43,"column":69}},"43":{"start":{"line":44,"column":0},"end":{"line":44,"column":3}},"44":{"start":{"line":45,"column":0},"end":{"line":45,"column":53}},"45":{"start":{"line":46,"column":0},"end":{"line":46,"column":69}},"46":{"start":{"line":47,"column":0},"end":{"line":47,"column":3}},"47":{"start":{"line":48,"column":0},"end":{"line":48,"column":1}}},"s":{"0":1,"1":1,"2":1,"3":1,"4":1,"5":1,"6":1,"7":1,"8":5,"9":5,"10":1,"11":0,"12":0,"13":0,"14":0,"15":0,"16":0,"17":0,"18":0,"19":1,"20":2,"21":2,"22":1,"23":1,"24":1,"25":2,"26":1,"27":1,"28":1,"29":2,"30":1,"31":0,"32":0,"33":1,"34":0,"35":0,"36":0,"37":1,"38":1,"39":1,"40":1,"41":1,"42":1,"43":1,"44":1,"45":5,"46":5,"47":25},"branchMap":{"0":{"type":"branch","line":7,"loc":{"start":{"line":7,"column":2},"end":{"line":7,"column":37}},"locations":[{"start":{"line":7,"column":2},"end":{"line":7,"column":37}}]},"1":{"type":"branch","line":8,"loc":{"start":{"line":8,"column":9},"end":{"line":10,"column":3}},"locations":[{"start":{"line":8,"column":9},"end":{"line":10,"column":3}}]},"2":{"type":"branch","line":20,"loc":{"start":{"line":20,"column":9},"end":{"line":30,"column":3}},"locations":[{"start":{"line":20,"column":9},"end":{"line":30,"column":3}}]},"3":{"type":"branch","line":22,"loc":{"start":{"line":22,"column":28},"end":{"line":23,"column":30}},"locations":[{"start":{"line":22,"column":28},"end":{"line":23,"column":30}}]},"4":{"type":"branch","line":23,"loc":{"start":{"line":23,"column":25},"end":{"line":24,"column":33}},"locations":[{"start":{"line":23,"column":25},"end":{"line":24,"column":33}}]},"5":{"type":"branch","line":24,"loc":{"start":{"line":24,"column":28},"end":{"line":25,"column":41}},"locations":[{"start":{"line":24,"column":28},"end":{"line":25,"column":41}}]},"6":{"type":"branch","line":26,"loc":{"start":{"line":26,"column":6},"end":{"line":29,"column":5}},"locations":[{"start":{"line":26,"column":6},"end":{"line":29,"column":5}}]},"7":{"type":"branch","line":38,"loc":{"start":{"line":38,"column":9},"end":{"line":41,"column":3}},"locations":[{"start":{"line":38,"column":9},"end":{"line":41,"column":3}}]},"8":{"type":"branch","line":39,"loc":{"start":{"line":39,"column":44},"end":{"line":39,"column":71}},"locations":[{"start":{"line":39,"column":44},"end":{"line":39,"column":71}}]},"9":{"type":"branch","line":42,"loc":{"start":{"line":42,"column":9},"end":{"line":44,"column":3}},"locations":[{"start":{"line":42,"column":9},"end":{"line":44,"column":3}}]},"10":{"type":"branch","line":43,"loc":{"start":{"line":43,"column":34},"end":{"line":43,"column":69}},"locations":[{"start":{"line":43,"column":34},"end":{"line":43,"column":69}}]},"11":{"type":"branch","line":45,"loc":{"start":{"line":45,"column":9},"end":{"line":48,"column":1}},"locations":[{"start":{"line":45,"column":9},"end":{"line":48,"column":1}}]},"12":{"type":"branch","line":46,"loc":{"start":{"line":46,"column":34},"end":{"line":46,"column":69}},"locations":[{"start":{"line":46,"column":34},"end":{"line":46,"column":69}}]},"13":{"type":"branch","line":48,"loc":{"start":{"line":48,"column":0},"end":{"line":48,"column":1}},"locations":[{"start":{"line":48,"column":0},"end":{"line":48,"column":1}}]}},"b":{"0":[12],"1":[5],"2":[2],"3":[1],"4":[1],"5":[1],"6":[1],"7":[1],"8":[1],"9":[1],"10":[1],"11":[5],"12":[5],"13":[25]},"fnMap":{"0":{"name":"<static_initializer>","decl":{"start":{"line":7,"column":2},"end":{"line":7,"column":37}},"loc":{"start":{"line":7,"column":2},"end":{"line":7,"column":37}},"line":7},"1":{"name":"getAll","decl":{"start":{"line":8,"column":9},"end":{"line":10,"column":3}},"loc":{"start":{"line":8,"column":9},"end":{"line":10,"column":3}},"line":8},"2":{"name":"getOne","decl":{"start":{"line":11,"column":9},"end":{"line":19,"column":3}},"loc":{"start":{"line":11,"column":9},"end":{"line":19,"column":3}},"line":11},"3":{"name":"create","decl":{"start":{"line":20,"column":9},"end":{"line":30,"column":3}},"loc":{"start":{"line":20,"column":9},"end":{"line":30,"column":3}},"line":20},"4":{"name":"uploadDocument","decl":{"start":{"line":31,"column":9},"end":{"line":33,"column":3}},"loc":{"start":{"line":31,"column":9},"end":{"line":33,"column":3}},"line":31},"5":{"name":"deleteFile","decl":{"start":{"line":34,"column":9},"end":{"line":37,"column":3}},"loc":{"start":{"line":34,"column":9},"end":{"line":37,"column":3}},"line":34},"6":{"name":"delete","decl":{"start":{"line":38,"column":9},"end":{"line":41,"column":3}},"loc":{"start":{"line":38,"column":9},"end":{"line":41,"column":3}},"line":38},"7":{"name":"search","decl":{"start":{"line":42,"column":9},"end":{"line":44,"column":3}},"loc":{"start":{"line":42,"column":9},"end":{"line":44,"column":3}},"line":42},"8":{"name":"getByClient","decl":{"start":{"line":45,"column":9},"end":{"line":48,"column":1}},"loc":{"start":{"line":45,"column":9},"end":{"line":48,"column":1}},"line":45},"9":{"name":"get","decl":{"start":{"line":48,"column":0},"end":{"line":48,"column":1}},"loc":{"start":{"line":48,"column":0},"end":{"line":48,"column":1}},"line":48}},"f":{"0":12,"1":5,"2":0,"3":2,"4":0,"5":0,"6":1,"7":1,"8":5,"9":25}}
}
