{"/Users/etiennesecodnini/Desktop/IIM/tdd3/clean-archi/utils/clientHelper.ts": {"path":"/Users/etiennesecodnini/Desktop/IIM/tdd3/clean-archi/utils/clientHelper.ts","all":false,"statementMap":{"0":{"start":{"line":1,"column":0},"end":{"line":1,"column":28}},"1":{"start":{"line":2,"column":0},"end":{"line":2,"column":26}},"2":{"start":{"line":3,"column":0},"end":{"line":3,"column":27}},"3":{"start":{"line":4,"column":0},"end":{"line":4,"column":35}},"4":{"start":{"line":5,"column":0},"end":{"line":5,"column":32}},"5":{"start":{"line":6,"column":0},"end":{"line":6,"column":28}},"6":{"start":{"line":7,"column":0},"end":{"line":7,"column":5}},"7":{"start":{"line":8,"column":0},"end":{"line":8,"column":41}},"8":{"start":{"line":9,"column":0},"end":{"line":9,"column":73}},"9":{"start":{"line":10,"column":0},"end":{"line":10,"column":21}},"10":{"start":{"line":11,"column":0},"end":{"line":11,"column":26}},"11":{"start":{"line":12,"column":0},"end":{"line":12,"column":9}},"12":{"start":{"line":13,"column":0},"end":{"line":13,"column":44}},"13":{"start":{"line":14,"column":0},"end":{"line":14,"column":5}},"14":{"start":{"line":15,"column":0},"end":{"line":15,"column":4}},"15":{"start":{"line":16,"column":0},"end":{"line":16,"column":48}},"16":{"start":{"line":17,"column":0},"end":{"line":17,"column":61}},"17":{"start":{"line":18,"column":0},"end":{"line":18,"column":24}},"18":{"start":{"line":19,"column":0},"end":{"line":19,"column":23}},"19":{"start":{"line":20,"column":0},"end":{"line":20,"column":29}},"20":{"start":{"line":21,"column":0},"end":{"line":21,"column":31}},"21":{"start":{"line":22,"column":0},"end":{"line":22,"column":20}},"22":{"start":{"line":23,"column":0},"end":{"line":23,"column":9}},"23":{"start":{"line":24,"column":0},"end":{"line":24,"column":34}},"24":{"start":{"line":25,"column":0},"end":{"line":25,"column":5}},"25":{"start":{"line":26,"column":0},"end":{"line":26,"column":65}},"26":{"start":{"line":27,"column":0},"end":{"line":27,"column":81}},"27":{"start":{"line":28,"column":0},"end":{"line":28,"column":76}},"28":{"start":{"line":29,"column":0},"end":{"line":29,"column":26}},"29":{"start":{"line":30,"column":0},"end":{"line":30,"column":14}},"30":{"start":{"line":31,"column":0},"end":{"line":31,"column":29}},"31":{"start":{"line":32,"column":0},"end":{"line":32,"column":9}},"32":{"start":{"line":33,"column":0},"end":{"line":33,"column":5}},"33":{"start":{"line":34,"column":0},"end":{"line":34,"column":39}},"34":{"start":{"line":35,"column":0},"end":{"line":35,"column":75}},"35":{"start":{"line":36,"column":0},"end":{"line":36,"column":5}},"36":{"start":{"line":37,"column":0},"end":{"line":37,"column":60}},"37":{"start":{"line":38,"column":0},"end":{"line":38,"column":73}},"38":{"start":{"line":39,"column":0},"end":{"line":39,"column":21}},"39":{"start":{"line":40,"column":0},"end":{"line":40,"column":37}},"40":{"start":{"line":41,"column":0},"end":{"line":41,"column":39}},"41":{"start":{"line":42,"column":0},"end":{"line":42,"column":9}},"42":{"start":{"line":43,"column":0},"end":{"line":43,"column":5}},"43":{"start":{"line":44,"column":0},"end":{"line":44,"column":60}},"44":{"start":{"line":45,"column":0},"end":{"line":45,"column":73}},"45":{"start":{"line":46,"column":0},"end":{"line":46,"column":21}},"46":{"start":{"line":47,"column":0},"end":{"line":47,"column":59}},"47":{"start":{"line":48,"column":0},"end":{"line":48,"column":9}},"48":{"start":{"line":49,"column":0},"end":{"line":49,"column":5}},"49":{"start":{"line":50,"column":0},"end":{"line":50,"column":1}}},"s":{"0":1,"1":1,"2":1,"3":1,"4":1,"5":3,"6":3,"7":1,"8":1,"9":1,"10":1,"11":1,"12":1,"13":0,"14":1,"15":1,"16":1,"17":1,"18":1,"19":1,"20":1,"21":1,"22":1,"23":1,"24":1,"25":1,"26":1,"27":1,"28":1,"29":1,"30":0,"31":0,"32":1,"33":1,"34":1,"35":1,"36":1,"37":1,"38":1,"39":1,"40":1,"41":1,"42":1,"43":1,"44":1,"45":1,"46":1,"47":1,"48":1,"49":20},"branchMap":{"0":{"type":"branch","line":4,"loc":{"start":{"line":4,"column":4},"end":{"line":4,"column":35}},"locations":[{"start":{"line":4,"column":4},"end":{"line":4,"column":35}}]},"1":{"type":"branch","line":5,"loc":{"start":{"line":5,"column":11},"end":{"line":7,"column":5}},"locations":[{"start":{"line":5,"column":11},"end":{"line":7,"column":5}}]},"2":{"type":"branch","line":8,"loc":{"start":{"line":8,"column":11},"end":{"line":14,"column":5}},"locations":[{"start":{"line":8,"column":11},"end":{"line":14,"column":5}}]},"3":{"type":"branch","line":13,"loc":{"start":{"line":13,"column":8},"end":{"line":14,"column":5}},"locations":[{"start":{"line":13,"column":8},"end":{"line":14,"column":5}}]},"4":{"type":"branch","line":9,"loc":{"start":{"line":9,"column":41},"end":{"line":9,"column":73}},"locations":[{"start":{"line":9,"column":41},"end":{"line":9,"column":73}}]},"5":{"type":"branch","line":16,"loc":{"start":{"line":16,"column":11},"end":{"line":25,"column":5}},"locations":[{"start":{"line":16,"column":11},"end":{"line":25,"column":5}}]},"6":{"type":"branch","line":26,"loc":{"start":{"line":26,"column":11},"end":{"line":33,"column":5}},"locations":[{"start":{"line":26,"column":11},"end":{"line":33,"column":5}}]},"7":{"type":"branch","line":30,"loc":{"start":{"line":30,"column":8},"end":{"line":32,"column":9}},"locations":[{"start":{"line":30,"column":8},"end":{"line":32,"column":9}}]},"8":{"type":"branch","line":27,"loc":{"start":{"line":27,"column":41},"end":{"line":27,"column":81}},"locations":[{"start":{"line":27,"column":41},"end":{"line":27,"column":81}}]},"9":{"type":"branch","line":34,"loc":{"start":{"line":34,"column":11},"end":{"line":36,"column":5}},"locations":[{"start":{"line":34,"column":11},"end":{"line":36,"column":5}}]},"10":{"type":"branch","line":35,"loc":{"start":{"line":35,"column":43},"end":{"line":35,"column":75}},"locations":[{"start":{"line":35,"column":43},"end":{"line":35,"column":75}}]},"11":{"type":"branch","line":37,"loc":{"start":{"line":37,"column":11},"end":{"line":43,"column":5}},"locations":[{"start":{"line":37,"column":11},"end":{"line":43,"column":5}}]},"12":{"type":"branch","line":38,"loc":{"start":{"line":38,"column":41},"end":{"line":38,"column":73}},"locations":[{"start":{"line":38,"column":41},"end":{"line":38,"column":73}}]},"13":{"type":"branch","line":44,"loc":{"start":{"line":44,"column":11},"end":{"line":50,"column":1}},"locations":[{"start":{"line":44,"column":11},"end":{"line":50,"column":1}}]},"14":{"type":"branch","line":45,"loc":{"start":{"line":45,"column":41},"end":{"line":45,"column":73}},"locations":[{"start":{"line":45,"column":41},"end":{"line":45,"column":73}}]},"15":{"type":"branch","line":50,"loc":{"start":{"line":50,"column":0},"end":{"line":50,"column":1}},"locations":[{"start":{"line":50,"column":0},"end":{"line":50,"column":1}}]}},"b":{"0":[7],"1":[3],"2":[1],"3":[0],"4":[1],"5":[1],"6":[1],"7":[0],"8":[1],"9":[1],"10":[1],"11":[1],"12":[1],"13":[1],"14":[1],"15":[20]},"fnMap":{"0":{"name":"<static_initializer>","decl":{"start":{"line":4,"column":4},"end":{"line":4,"column":35}},"loc":{"start":{"line":4,"column":4},"end":{"line":4,"column":35}},"line":4},"1":{"name":"getAll","decl":{"start":{"line":5,"column":11},"end":{"line":7,"column":5}},"loc":{"start":{"line":5,"column":11},"end":{"line":7,"column":5}},"line":5},"2":{"name":"getOne","decl":{"start":{"line":8,"column":11},"end":{"line":14,"column":5}},"loc":{"start":{"line":8,"column":11},"end":{"line":14,"column":5}},"line":8},"3":{"name":"register","decl":{"start":{"line":16,"column":11},"end":{"line":25,"column":5}},"loc":{"start":{"line":16,"column":11},"end":{"line":25,"column":5}},"line":16},"4":{"name":"login","decl":{"start":{"line":26,"column":11},"end":{"line":33,"column":5}},"loc":{"start":{"line":26,"column":11},"end":{"line":33,"column":5}},"line":26},"5":{"name":"delete","decl":{"start":{"line":34,"column":11},"end":{"line":36,"column":5}},"loc":{"start":{"line":34,"column":11},"end":{"line":36,"column":5}},"line":34},"6":{"name":"update","decl":{"start":{"line":37,"column":11},"end":{"line":43,"column":5}},"loc":{"start":{"line":37,"column":11},"end":{"line":43,"column":5}},"line":37},"7":{"name":"resetPassword","decl":{"start":{"line":44,"column":11},"end":{"line":50,"column":1}},"loc":{"start":{"line":44,"column":11},"end":{"line":50,"column":1}},"line":44},"8":{"name":"get","decl":{"start":{"line":50,"column":0},"end":{"line":50,"column":1}},"loc":{"start":{"line":50,"column":0},"end":{"line":50,"column":1}},"line":50}},"f":{"0":7,"1":3,"2":1,"3":1,"4":1,"5":1,"6":1,"7":1,"8":20}}
,"/Users/etiennesecodnini/Desktop/IIM/tdd3/clean-archi/utils/documentHelper.ts": {"path":"/Users/etiennesecodnini/Desktop/IIM/tdd3/clean-archi/utils/documentHelper.ts","all":false,"statementMap":{"0":{"start":{"line":1,"column":0},"end":{"line":1,"column":29}},"1":{"start":{"line":2,"column":0},"end":{"line":2,"column":39}},"2":{"start":{"line":3,"column":0},"end":{"line":3,"column":34}},"3":{"start":{"line":4,"column":0},"end":{"line":4,"column":30}},"4":{"start":{"line":5,"column":0},"end":{"line":5,"column":5}},"5":{"start":{"line":6,"column":0},"end":{"line":6,"column":43}},"6":{"start":{"line":7,"column":0},"end":{"line":7,"column":38}},"7":{"start":{"line":8,"column":0},"end":{"line":8,"column":5}},"8":{"start":{"line":9,"column":0},"end":{"line":9,"column":39}},"9":{"start":{"line":10,"column":0},"end":{"line":10,"column":75}},"10":{"start":{"line":11,"column":0},"end":{"line":11,"column":5}},"11":{"start":{"line":12,"column":0},"end":{"line":12,"column":47}},"12":{"start":{"line":13,"column":0},"end":{"line":13,"column":73}},"13":{"start":{"line":14,"column":0},"end":{"line":14,"column":5}},"14":{"start":{"line":15,"column":0},"end":{"line":15,"column":1}}},"s":{"0":1,"1":1,"2":1,"3":5,"4":5,"5":1,"6":1,"7":1,"8":1,"9":1,"10":1,"11":1,"12":1,"13":1,"14":16},"branchMap":{"0":{"type":"branch","line":2,"loc":{"start":{"line":2,"column":4},"end":{"line":2,"column":39}},"locations":[{"start":{"line":2,"column":4},"end":{"line":2,"column":39}}]},"1":{"type":"branch","line":3,"loc":{"start":{"line":3,"column":11},"end":{"line":5,"column":5}},"locations":[{"start":{"line":3,"column":11},"end":{"line":5,"column":5}}]},"2":{"type":"branch","line":6,"loc":{"start":{"line":6,"column":11},"end":{"line":8,"column":5}},"locations":[{"start":{"line":6,"column":11},"end":{"line":8,"column":5}}]},"3":{"type":"branch","line":9,"loc":{"start":{"line":9,"column":11},"end":{"line":11,"column":5}},"locations":[{"start":{"line":9,"column":11},"end":{"line":11,"column":5}}]},"4":{"type":"branch","line":10,"loc":{"start":{"line":10,"column":48},"end":{"line":10,"column":75}},"locations":[{"start":{"line":10,"column":48},"end":{"line":10,"column":75}}]},"5":{"type":"branch","line":12,"loc":{"start":{"line":12,"column":11},"end":{"line":15,"column":1}},"locations":[{"start":{"line":12,"column":11},"end":{"line":15,"column":1}}]},"6":{"type":"branch","line":13,"loc":{"start":{"line":13,"column":38},"end":{"line":13,"column":73}},"locations":[{"start":{"line":13,"column":38},"end":{"line":13,"column":73}}]},"7":{"type":"branch","line":15,"loc":{"start":{"line":15,"column":0},"end":{"line":15,"column":1}},"locations":[{"start":{"line":15,"column":0},"end":{"line":15,"column":1}}]}},"b":{"0":[4],"1":[5],"2":[1],"3":[1],"4":[1],"5":[1],"6":[1],"7":[16]},"fnMap":{"0":{"name":"<static_initializer>","decl":{"start":{"line":2,"column":4},"end":{"line":2,"column":39}},"loc":{"start":{"line":2,"column":4},"end":{"line":2,"column":39}},"line":2},"1":{"name":"getAll","decl":{"start":{"line":3,"column":11},"end":{"line":5,"column":5}},"loc":{"start":{"line":3,"column":11},"end":{"line":5,"column":5}},"line":3},"2":{"name":"add","decl":{"start":{"line":6,"column":11},"end":{"line":8,"column":5}},"loc":{"start":{"line":6,"column":11},"end":{"line":8,"column":5}},"line":6},"3":{"name":"delete","decl":{"start":{"line":9,"column":11},"end":{"line":11,"column":5}},"loc":{"start":{"line":9,"column":11},"end":{"line":11,"column":5}},"line":9},"4":{"name":"search","decl":{"start":{"line":12,"column":11},"end":{"line":15,"column":1}},"loc":{"start":{"line":12,"column":11},"end":{"line":15,"column":1}},"line":12},"5":{"name":"get","decl":{"start":{"line":15,"column":0},"end":{"line":15,"column":1}},"loc":{"start":{"line":15,"column":0},"end":{"line":15,"column":1}},"line":15}},"f":{"0":4,"1":5,"2":1,"3":1,"4":1,"5":16}}
}
